# JRE version: OpenJDK Runtime Environment Microsoft-8035246 (17.0.8+7) (build 17.0.8+7-LTS)
# Java VM: OpenJDK 64-Bit Server VM Microsoft-8035246 (17.0.8+7-LTS, mixed mode, sharing, tiered, compressed oops, compressed class ptrs, g1 gc, windows-amd64)
GC Precious Log:
 CPUs: 8 total, 8 available
 Memory: 7834M
 Large Page Support: Disabled
 NUMA Support: Disabled
 Compressed Oops: Enabled (32-bit)
 Heap Region Size: 1M
 Heap Min Capacity: 8M
 Heap Initial Capacity: 124M
 Heap Max Capacity: 2G
 Pre-touch: Disabled
 Parallel Workers: 8
 Concurrent Workers: 2
 Concurrent Refinement Workers: 8
 Periodic GC: Disabled
Heap:
 garbage-first heap   total 247808K, used 207245K [0x0000000080000000, 0x0000000100000000)
  region size 1024K, 23 young (23552K), 4 survivors (4096K)
 Metaspace       used 109351K, committed 110656K, reserved 557056K
  class space    used 15037K, committed 15616K, reserved 425984K
GC Heap History (20 events):
Event: 136.171 GC heap before
{Heap before GC invocations=72 (full 0):
 garbage-first heap   total 205824K, used 178763K [0x0000000080000000, 0x0000000100000000)
  region size 1024K, 11 young (11264K), 2 survivors (2048K)
 Metaspace       used 105311K, committed 106496K, reserved 557056K
  class space    used 14599K, committed 15168K, reserved 425984K
}
Event: 136.177 GC heap after
{Heap after GC invocations=73 (full 0):
 garbage-first heap   total 205824K, used 170652K [0x0000000080000000, 0x0000000100000000)
  region size 1024K, 2 young (2048K), 2 survivors (2048K)
 Metaspace       used 105311K, committed 106496K, reserved 557056K
  class space    used 14599K, committed 15168K, reserved 425984K
}
Event: 136.601 GC heap before
{Heap before GC invocations=73 (full 0):
 garbage-first heap   total 205824K, used 178844K [0x0000000080000000, 0x0000000100000000)
  region size 1024K, 10 young (10240K), 2 survivors (2048K)
 Metaspace       used 105352K, committed 106560K, reserved 557056K
  class space    used 14599K, committed 15168K, reserved 425984K
}
Event: 136.606 GC heap after
{Heap after GC invocations=74 (full 0):
 garbage-first heap   total 205824K, used 171057K [0x0000000080000000, 0x0000000100000000)
  region size 1024K, 2 young (2048K), 2 survivors (2048K)
 Metaspace       used 105352K, committed 106560K, reserved 557056K
  class space    used 14599K, committed 15168K, reserved 425984K
}
Event: 136.855 GC heap before
{Heap before GC invocations=74 (full 0):
 garbage-first heap   total 205824K, used 179249K [0x0000000080000000, 0x0000000100000000)
  region size 1024K, 10 young (10240K), 2 survivors (2048K)
 Metaspace       used 105399K, committed 106560K, reserved 557056K
  class space    used 14599K, committed 15168K, reserved 425984K
}
Event: 136.862 GC heap after
{Heap after GC invocations=75 (full 0):
 garbage-first heap   total 205824K, used 171968K [0x0000000080000000, 0x0000000100000000)
  region size 1024K, 2 young (2048K), 2 survivors (2048K)
 Metaspace       used 105399K, committed 106560K, reserved 557056K
  class space    used 14599K, committed 15168K, reserved 425984K
}
Event: 137.069 GC heap before
{Heap before GC invocations=75 (full 0):
 garbage-first heap   total 205824K, used 180160K [0x0000000080000000, 0x0000000100000000)
  region size 1024K, 10 young (10240K), 2 survivors (2048K)
 Metaspace       used 105439K, committed 106624K, reserved 557056K
  class space    used 14599K, committed 15168K, reserved 425984K
}
Event: 137.076 GC heap after
{Heap after GC invocations=76 (full 0):
 garbage-first heap   total 247808K, used 172760K [0x0000000080000000, 0x0000000100000000)
  region size 1024K, 2 young (2048K), 2 survivors (2048K)
 Metaspace       used 105439K, committed 106624K, reserved 557056K
  class space    used 14599K, committed 15168K, reserved 425984K
}
Event: 138.304 GC heap before
{Heap before GC invocations=76 (full 0):
 garbage-first heap   total 247808K, used 208600K [0x0000000080000000, 0x0000000100000000)
  region size 1024K, 37 young (37888K), 2 survivors (2048K)
 Metaspace       used 105779K, committed 107008K, reserved 557056K
  class space    used 14637K, committed 15232K, reserved 425984K
}
Event: 138.316 GC heap after
{Heap after GC invocations=77 (full 0):
 garbage-first heap   total 247808K, used 176348K [0x0000000080000000, 0x0000000100000000)
  region size 1024K, 5 young (5120K), 5 survivors (5120K)
 Metaspace       used 105779K, committed 107008K, reserved 557056K
  class space    used 14637K, committed 15232K, reserved 425984K
}
Event: 139.246 GC heap before
{Heap before GC invocations=77 (full 0):
 garbage-first heap   total 247808K, used 208092K [0x0000000080000000, 0x0000000100000000)
  region size 1024K, 37 young (37888K), 5 survivors (5120K)
 Metaspace       used 106499K, committed 107776K, reserved 557056K
  class space    used 14696K, committed 15296K, reserved 425984K
}
Event: 139.263 GC heap after
{Heap after GC invocations=78 (full 0):
 garbage-first heap   total 247808K, used 181450K [0x0000000080000000, 0x0000000100000000)
  region size 1024K, 5 young (5120K), 5 survivors (5120K)
 Metaspace       used 106499K, committed 107776K, reserved 557056K
  class space    used 14696K, committed 15296K, reserved 425984K
}
Event: 140.408 GC heap before
{Heap before GC invocations=78 (full 0):
 garbage-first heap   total 247808K, used 214218K [0x0000000080000000, 0x0000000100000000)
  region size 1024K, 33 young (33792K), 5 survivors (5120K)
 Metaspace       used 108409K, committed 109696K, reserved 557056K
  class space    used 14933K, committed 15552K, reserved 425984K
}
Event: 140.421 GC heap after
{Heap after GC invocations=79 (full 0):
 garbage-first heap   total 247808K, used 183626K [0x0000000080000000, 0x0000000100000000)
  region size 1024K, 3 young (3072K), 3 survivors (3072K)
 Metaspace       used 108409K, committed 109696K, reserved 557056K
  class space    used 14933K, committed 15552K, reserved 425984K
}
Event: 141.768 GC heap before
{Heap before GC invocations=79 (full 0):
 garbage-first heap   total 247808K, used 210250K [0x0000000080000000, 0x0000000100000000)
  region size 1024K, 30 young (30720K), 3 survivors (3072K)
 Metaspace       used 108661K, committed 109952K, reserved 557056K
  class space    used 14940K, committed 15552K, reserved 425984K
}
Event: 141.776 GC heap after
{Heap after GC invocations=80 (full 0):
 garbage-first heap   total 247808K, used 184892K [0x0000000080000000, 0x0000000100000000)
  region size 1024K, 2 young (2048K), 2 survivors (2048K)
 Metaspace       used 108661K, committed 109952K, reserved 557056K
  class space    used 14940K, committed 15552K, reserved 425984K
}
Event: 142.501 GC heap before
{Heap before GC invocations=80 (full 0):
 garbage-first heap   total 247808K, used 211516K [0x0000000080000000, 0x0000000100000000)
  region size 1024K, 28 young (28672K), 2 survivors (2048K)
 Metaspace       used 108906K, committed 110144K, reserved 557056K
  class space    used 14977K, committed 15552K, reserved 425984K
}
Event: 142.512 GC heap after
{Heap after GC invocations=81 (full 0):
 garbage-first heap   total 247808K, used 185628K [0x0000000080000000, 0x0000000100000000)
  region size 1024K, 2 young (2048K), 2 survivors (2048K)
 Metaspace       used 108906K, committed 110144K, reserved 557056K
  class space    used 14977K, committed 15552K, reserved 425984K
}
Event: 143.461 GC heap before
{Heap before GC invocations=81 (full 0):
 garbage-first heap   total 247808K, used 212252K [0x0000000080000000, 0x0000000100000000)
  region size 1024K, 29 young (29696K), 2 survivors (2048K)
 Metaspace       used 109344K, committed 110592K, reserved 557056K
  class space    used 15037K, committed 15616K, reserved 425984K
}
Event: 143.471 GC heap after
{Heap after GC invocations=82 (full 0):
 garbage-first heap   total 247808K, used 189837K [0x0000000080000000, 0x0000000100000000)
  region size 1024K, 4 young (4096K), 4 survivors (4096K)
 Metaspace       used 109344K, committed 110592K, reserved 557056K
  class space    used 15037K, committed 15616K, reserved 425984K
}

