# JRE version: OpenJDK Runtime Environment Microsoft-8035246 (17.0.8+7) (build 17.0.8+7-LTS)
# Java VM: OpenJDK 64-Bit Server VM Microsoft-8035246 (17.0.8+7-LTS, mixed mode, sharing, tiered, compressed oops, compressed class ptrs, g1 gc, windows-amd64)
GC Precious Log:
 CPUs: 8 total, 8 available
 Memory: 7834M
 Large Page Support: Disabled
 NUMA Support: Disabled
 Compressed Oops: Enabled (32-bit)
 Heap Region Size: 1M
 Heap Min Capacity: 8M
 Heap Initial Capacity: 124M
 Heap Max Capacity: 2G
 Pre-touch: Disabled
 Parallel Workers: 8
 Concurrent Workers: 2
 Concurrent Refinement Workers: 8
 Periodic GC: Disabled
Heap:
 garbage-first heap   total 287744K, used 229156K [0x0000000080000000, 0x0000000100000000)
  region size 1024K, 25 young (25600K), 6 survivors (6144K)
 Metaspace       used 104861K, committed 106176K, reserved 557056K
  class space    used 14496K, committed 15104K, reserved 425984K
GC Heap History (20 events):
Event: 62.570 GC heap before
{Heap before GC invocations=67 (full 0):
 garbage-first heap   total 239616K, used 202686K [0x0000000080000000, 0x0000000100000000)
  region size 1024K, 37 young (37888K), 5 survivors (5120K)
 Metaspace       used 100254K, committed 101312K, reserved 557056K
  class space    used 13950K, committed 14464K, reserved 425984K
}
Event: 62.578 GC heap after
{Heap after GC invocations=68 (full 0):
 garbage-first heap   total 239616K, used 173194K [0x0000000080000000, 0x0000000100000000)
  region size 1024K, 4 young (4096K), 4 survivors (4096K)
 Metaspace       used 100254K, committed 101312K, reserved 557056K
  class space    used 13950K, committed 14464K, reserved 425984K
}
Event: 62.899 GC heap before
{Heap before GC invocations=68 (full 0):
 garbage-first heap   total 239616K, used 203914K [0x0000000080000000, 0x0000000100000000)
  region size 1024K, 34 young (34816K), 4 survivors (4096K)
 Metaspace       used 100676K, committed 101760K, reserved 557056K
  class space    used 14003K, committed 14528K, reserved 425984K
}
Event: 62.909 GC heap after
{Heap after GC invocations=69 (full 0):
 garbage-first heap   total 239616K, used 176932K [0x0000000080000000, 0x0000000100000000)
  region size 1024K, 4 young (4096K), 4 survivors (4096K)
 Metaspace       used 100676K, committed 101760K, reserved 557056K
  class space    used 14003K, committed 14528K, reserved 425984K
}
Event: 63.340 GC heap before
{Heap before GC invocations=69 (full 0):
 garbage-first heap   total 239616K, used 208676K [0x0000000080000000, 0x0000000100000000)
  region size 1024K, 31 young (31744K), 4 survivors (4096K)
 Metaspace       used 102567K, committed 103744K, reserved 557056K
  class space    used 14154K, committed 14720K, reserved 425984K
}
Event: 63.351 GC heap after
{Heap after GC invocations=70 (full 0):
 garbage-first heap   total 239616K, used 180942K [0x0000000080000000, 0x0000000100000000)
  region size 1024K, 4 young (4096K), 4 survivors (4096K)
 Metaspace       used 102567K, committed 103744K, reserved 557056K
  class space    used 14154K, committed 14720K, reserved 425984K
}
Event: 63.683 GC heap before
{Heap before GC invocations=70 (full 0):
 garbage-first heap   total 239616K, used 203470K [0x0000000080000000, 0x0000000100000000)
  region size 1024K, 27 young (27648K), 4 survivors (4096K)
 Metaspace       used 103220K, committed 104320K, reserved 557056K
  class space    used 14304K, committed 14848K, reserved 425984K
}
Event: 63.691 GC heap after
{Heap after GC invocations=71 (full 0):
 garbage-first heap   total 287744K, used 182777K [0x0000000080000000, 0x0000000100000000)
  region size 1024K, 2 young (2048K), 2 survivors (2048K)
 Metaspace       used 103220K, committed 104320K, reserved 557056K
  class space    used 14304K, committed 14848K, reserved 425984K
}
Event: 64.408 GC heap before
{Heap before GC invocations=71 (full 0):
 garbage-first heap   total 287744K, used 236025K [0x0000000080000000, 0x0000000100000000)
  region size 1024K, 55 young (56320K), 2 survivors (2048K)
 Metaspace       used 103935K, committed 105088K, reserved 557056K
  class space    used 14400K, committed 14976K, reserved 425984K
}
Event: 64.413 GC heap after
{Heap after GC invocations=72 (full 0):
 garbage-first heap   total 287744K, used 184506K [0x0000000080000000, 0x0000000100000000)
  region size 1024K, 4 young (4096K), 4 survivors (4096K)
 Metaspace       used 103935K, committed 105088K, reserved 557056K
  class space    used 14400K, committed 14976K, reserved 425984K
}
Event: 65.062 GC heap before
{Heap before GC invocations=72 (full 0):
 garbage-first heap   total 287744K, used 238778K [0x0000000080000000, 0x0000000100000000)
  region size 1024K, 58 young (59392K), 4 survivors (4096K)
 Metaspace       used 104115K, committed 105344K, reserved 557056K
  class space    used 14407K, committed 14976K, reserved 425984K
}
Event: 65.072 GC heap after
{Heap after GC invocations=73 (full 0):
 garbage-first heap   total 287744K, used 189791K [0x0000000080000000, 0x0000000100000000)
  region size 1024K, 8 young (8192K), 8 survivors (8192K)
 Metaspace       used 104115K, committed 105344K, reserved 557056K
  class space    used 14407K, committed 14976K, reserved 425984K
}
Event: 66.079 GC heap before
{Heap before GC invocations=73 (full 0):
 garbage-first heap   total 287744K, used 244063K [0x0000000080000000, 0x0000000100000000)
  region size 1024K, 58 young (59392K), 8 survivors (8192K)
 Metaspace       used 104171K, committed 105344K, reserved 557056K
  class space    used 14407K, committed 14976K, reserved 425984K
}
Event: 66.092 GC heap after
{Heap after GC invocations=74 (full 0):
 garbage-first heap   total 287744K, used 193690K [0x0000000080000000, 0x0000000100000000)
  region size 1024K, 4 young (4096K), 4 survivors (4096K)
 Metaspace       used 104171K, committed 105344K, reserved 557056K
  class space    used 14407K, committed 14976K, reserved 425984K
}
Event: 66.961 GC heap before
{Heap before GC invocations=74 (full 0):
 garbage-first heap   total 287744K, used 250010K [0x0000000080000000, 0x0000000100000000)
  region size 1024K, 52 young (53248K), 4 survivors (4096K)
 Metaspace       used 104378K, committed 105536K, reserved 557056K
  class space    used 14433K, committed 14976K, reserved 425984K
}
Event: 66.970 GC heap after
{Heap after GC invocations=75 (full 0):
 garbage-first heap   total 287744K, used 197632K [0x0000000080000000, 0x0000000100000000)
  region size 1024K, 7 young (7168K), 7 survivors (7168K)
 Metaspace       used 104378K, committed 105536K, reserved 557056K
  class space    used 14433K, committed 14976K, reserved 425984K
}
Event: 67.574 GC heap before
{Heap before GC invocations=75 (full 0):
 garbage-first heap   total 287744K, used 251904K [0x0000000080000000, 0x0000000100000000)
  region size 1024K, 53 young (54272K), 7 survivors (7168K)
 Metaspace       used 104510K, committed 105728K, reserved 557056K
  class space    used 14452K, committed 15040K, reserved 425984K
}
Event: 67.586 GC heap after
{Heap after GC invocations=76 (full 0):
 garbage-first heap   total 287744K, used 201819K [0x0000000080000000, 0x0000000100000000)
  region size 1024K, 5 young (5120K), 5 survivors (5120K)
 Metaspace       used 104510K, committed 105728K, reserved 557056K
  class space    used 14452K, committed 15040K, reserved 425984K
}
Event: 68.100 GC heap before
{Heap before GC invocations=76 (full 0):
 garbage-first heap   total 287744K, used 248923K [0x0000000080000000, 0x0000000100000000)
  region size 1024K, 48 young (49152K), 5 survivors (5120K)
 Metaspace       used 104597K, committed 105856K, reserved 557056K
  class space    used 14466K, committed 15040K, reserved 425984K
}
Event: 68.107 GC heap after
{Heap after GC invocations=77 (full 0):
 garbage-first heap   total 287744K, used 205053K [0x0000000080000000, 0x0000000100000000)
  region size 1024K, 3 young (3072K), 3 survivors (3072K)
 Metaspace       used 104597K, committed 105856K, reserved 557056K
  class space    used 14466K, committed 15040K, reserved 425984K
}

